<?xml version="1.0" encoding="UTF-8"?>
<!-- Generated by org.testng.reporters.JUnitReportReporter -->
<testsuite skipped="1" hostname="BDC4-D-9Y0P882" name="com.test1.demo2_TestNG" tests="3" failures="0" timestamp="2020-02-10T12:30:22 IST" time="0.016" errors="0">
  <testcase name="login" time="0.016" classname="com.test1.demo2_TestNG"/>
  <testcase name="logout" time="0.000" classname="com.test1.demo2_TestNG"/>
  <testcase name="register" classname="com.test1.demo2_TestNG">
    <skipped/>
  </testcase> <!-- register -->
</testsuite> <!-- com.test1.demo2_TestNG -->
