<?xml version="1.0" encoding="UTF-8"?>
<!-- Generated by org.testng.reporters.JUnitReportReporter -->
<testsuite skipped="0" hostname="BDC4-D-9Y0P882" name="StepDef.Parameter" tests="1" failures="0" timestamp="2020-02-11T16:05:22 IST" time="47.567" errors="0">
  <testcase name="f" time="47.567" classname="StepDef.Parameter"/>
</testsuite> <!-- StepDef.Parameter -->
