<?xml version="1.0" encoding="UTF-8"?>
<!-- Generated by org.testng.reporters.JUnitReportReporter -->
<testsuite skipped="0" hostname="BDC4-D-9Y0P882" name="com.test1.demo3_TestNG" tests="1" failures="0" timestamp="2020-02-10T13:08:22 IST" time="27.293" errors="0">
  <testcase name="f" time="27.293" classname="com.test1.demo3_TestNG"/>
</testsuite> <!-- com.test1.demo3_TestNG -->
